[debug] [2020-01-14T10:41:37.932Z] ----------------------------------------------------------------------
[debug] [2020-01-14T10:41:37.935Z] Command:       C:\Program Files\nodejs\node.exe C:\Users\Web Projects\AppData\Roaming\npm\node_modules\firebase-tools\lib\bin\firebase.js serve
[debug] [2020-01-14T10:41:37.935Z] CLI Version:   7.11.0
[debug] [2020-01-14T10:41:37.935Z] Platform:      win32
[debug] [2020-01-14T10:41:37.935Z] Node Version:  v13.1.0
[debug] [2020-01-14T10:41:37.936Z] Time:          Tue Jan 14 2020 14:41:37 GMT+0400 (Armenia Standard Time)
[debug] [2020-01-14T10:41:37.937Z] ----------------------------------------------------------------------
[debug] [2020-01-14T10:41:37.937Z] 
[debug] [2020-01-14T10:41:37.947Z] > command requires scopes: ["email","openid","https://www.googleapis.com/auth/cloudplatformprojects.readonly","https://www.googleapis.com/auth/firebase","https://www.googleapis.com/auth/cloud-platform"]
[debug] [2020-01-14T10:41:37.947Z] > authorizing via signed-in user
[debug] [2020-01-14T10:41:37.948Z] [iam] checking project flyclever-cd51a for permissions ["firebase.projects.get"]
[debug] [2020-01-14T10:41:37.949Z] >>> HTTP REQUEST POST https://cloudresourcemanager.googleapis.com/v1/projects/flyclever-cd51a:testIamPermissions  

[debug] [2020-01-14T10:41:39.081Z] <<< HTTP RESPONSE 200
[debug] [2020-01-14T10:41:39.083Z] >>> HTTP REQUEST GET https://firebase.googleapis.com/v1beta1/projects/flyclever-cd51a  
 
[debug] [2020-01-14T10:41:39.408Z] <<< HTTP RESPONSE 200
[info] 
[info] === Serving from 'C:\Users\Web Projects\Desktop\FirebaseApp\firebase'...
[info] 
[debug] [2020-01-14T10:41:39.414Z] >>> HTTP REQUEST GET https://firebase.googleapis.com/v1beta1/projects/flyclever-cd51a/webApps/-/config  
 
[debug] [2020-01-14T10:41:40.282Z] <<< HTTP RESPONSE 200
[info] i  hosting: Serving hosting files from: app/build
[info] +  hosting: Local server: http://localhost:5000
[warn] !  Your requested "node" version "8" doesn't match your global version "13"
[info] +  functions: Emulator started at http://localhost:5001
[info] i  functions: Watching "C:\Users\Web Projects\Desktop\FirebaseApp\firebase\functions" for Cloud Functions...
[debug] [2020-01-14T10:41:41.950Z] [worker-pool] addWorker(~diagnostic~)
[debug] [2020-01-14T10:41:41.951Z] [worker-pool] Adding worker with key ~diagnostic~, total=1
[debug] [2020-01-14T10:41:41.951Z] [worker-pool] submitWork(triggerId=)
[debug] [2020-01-14T10:41:41.951Z] [worker-~diagnostic~-76b17e65-eb97-42d3-856c-ab93dde5f1c5]: Assigning socketPath: \\?\pipe\C:\Users\Web Projects\Desktop\FirebaseApp\firebase\functions\14532
[debug] [2020-01-14T10:41:41.952Z] [worker-~diagnostic~-76b17e65-eb97-42d3-856c-ab93dde5f1c5]: BUSY
[debug] [2020-01-14T10:41:42.432Z] [runtime-status] [14532] Functions runtime initialized. {"cwd":"C:\\Users\\Web Projects\\Desktop\\FirebaseApp\\firebase\\functions","node_version":"13.1.0"}
[debug] [2020-01-14T10:41:42.432Z] [runtime-status] [14532] Disabled runtime features: {"functions_config_helper":true,"network_filtering":true,"timeout":true,"memory_limiting":true,"admin_stubs":true,"pubsub_emulator":true}
[warn] !  The Cloud Functions emulator requires the module "firebase-admin" to be installed. This package is in your package.json, but it's not available. You probably need to run "npm install" in your functions directory.
[info] i  functions: Your functions could not be parsed due to an issue with your node_modules (see above)
[debug] [2020-01-14T10:41:42.453Z] [worker-~diagnostic~-76b17e65-eb97-42d3-856c-ab93dde5f1c5]: exited
[debug] [2020-01-14T10:41:42.453Z] [worker-~diagnostic~-76b17e65-eb97-42d3-856c-ab93dde5f1c5]: FINISHED
[debug] [2020-01-14T10:42:10.985Z] ----------------------------------------------------------------------
[debug] [2020-01-14T10:42:10.988Z] Command:       C:\Program Files\nodejs\node.exe C:\Users\Web Projects\AppData\Roaming\npm\node_modules\firebase-tools\lib\bin\firebase.js install
[debug] [2020-01-14T10:42:10.988Z] CLI Version:   7.11.0
[debug] [2020-01-14T10:42:10.988Z] Platform:      win32
[debug] [2020-01-14T10:42:10.988Z] Node Version:  v13.1.0
[debug] [2020-01-14T10:42:10.989Z] Time:          Tue Jan 14 2020 14:42:10 GMT+0400 (Armenia Standard Time)
[debug] [2020-01-14T10:42:10.989Z] ----------------------------------------------------------------------
[debug] [2020-01-14T10:42:10.989Z] 
[error] Error: [object Object] is not a Firebase command
[debug] [2020-01-14T10:42:10.996Z] TypeError: str.toLowerCase is not a function
    at didYouMean (C:\Users\Web Projects\AppData\Roaming\npm\node_modules\firebase-tools\node_modules\didyoumean\didYouMean-1.2.1.js:147:48)
    at suggestCommands (C:\Users\Web Projects\AppData\Roaming\npm\node_modules\firebase-tools\lib\index.js:28:22)
    at Command.<anonymous> (C:\Users\Web Projects\AppData\Roaming\npm\node_modules\firebase-tools\lib\index.js:57:14)
    at Command.listener (C:\Users\Web Projects\AppData\Roaming\npm\node_modules\firebase-tools\node_modules\commander\index.js:370:29)
    at Command.emit (events.js:210:5)
    at Command.EventEmitter.emit (domain.js:478:20)
    at Command.parseArgs (C:\Users\Web Projects\AppData\Roaming\npm\node_modules\firebase-tools\node_modules\commander\index.js:894:12)
    at Command.parse (C:\Users\Web Projects\AppData\Roaming\npm\node_modules\firebase-tools\node_modules\commander\index.js:642:21)
    at Object.<anonymous> (C:\Users\Web Projects\AppData\Roaming\npm\node_modules\firebase-tools\lib\bin\firebase.js:98:22)
    at Module._compile (internal/modules/cjs/loader.js:1063:30)
    at Object.Module._extensions..js (internal/modules/cjs/loader.js:1103:10)
    at Module.load (internal/modules/cjs/loader.js:914:32)
    at Function.Module._load (internal/modules/cjs/loader.js:822:14)
    at Function.Module.runMain (internal/modules/cjs/loader.js:1143:12)
    at internal/main/run_main_module.js:16:11
[error] 
[error] Error: An unexpected error has occurred.
[debug] [2020-01-14T10:47:14.232Z] ----------------------------------------------------------------------
[debug] [2020-01-14T10:47:14.235Z] Command:       C:\Program Files\nodejs\node.exe C:\Users\Web Projects\AppData\Roaming\npm\node_modules\firebase-tools\lib\bin\firebase.js serve
[debug] [2020-01-14T10:47:14.235Z] CLI Version:   7.11.0
[debug] [2020-01-14T10:47:14.235Z] Platform:      win32
[debug] [2020-01-14T10:47:14.235Z] Node Version:  v13.1.0
[debug] [2020-01-14T10:47:14.236Z] Time:          Tue Jan 14 2020 14:47:14 GMT+0400 (Armenia Standard Time)
[debug] [2020-01-14T10:47:14.236Z] ----------------------------------------------------------------------
[debug] [2020-01-14T10:47:14.236Z] 
[debug] [2020-01-14T10:47:14.247Z] > command requires scopes: ["email","openid","https://www.googleapis.com/auth/cloudplatformprojects.readonly","https://www.googleapis.com/auth/firebase","https://www.googleapis.com/auth/cloud-platform"]
[debug] [2020-01-14T10:47:14.248Z] > authorizing via signed-in user
[debug] [2020-01-14T10:47:14.248Z] [iam] checking project flyclever-cd51a for permissions ["firebase.projects.get"]
[debug] [2020-01-14T10:47:14.250Z] >>> HTTP REQUEST POST https://cloudresourcemanager.googleapis.com/v1/projects/flyclever-cd51a:testIamPermissions  

[debug] [2020-01-14T10:47:15.406Z] <<< HTTP RESPONSE 200
[debug] [2020-01-14T10:47:15.409Z] >>> HTTP REQUEST GET https://firebase.googleapis.com/v1beta1/projects/flyclever-cd51a  
 
[debug] [2020-01-14T10:47:15.720Z] <<< HTTP RESPONSE 200
[info] 
[info] === Serving from 'C:\Users\Web Projects\Desktop\FirebaseApp\firebase'...
[info] 
[debug] [2020-01-14T10:47:15.725Z] >>> HTTP REQUEST GET https://firebase.googleapis.com/v1beta1/projects/flyclever-cd51a/webApps/-/config  
 
[debug] [2020-01-14T10:47:16.440Z] <<< HTTP RESPONSE 200
[info] i  hosting: Serving hosting files from: app/build
[info] +  hosting: Local server: http://localhost:5000
[warn] !  Your requested "node" version "8" doesn't match your global version "13"
[info] +  functions: Emulator started at http://localhost:5001
[info] i  functions: Watching "C:\Users\Web Projects\Desktop\FirebaseApp\firebase\functions" for Cloud Functions...
[debug] [2020-01-14T10:47:18.259Z] [worker-pool] addWorker(~diagnostic~)
[debug] [2020-01-14T10:47:18.259Z] [worker-pool] Adding worker with key ~diagnostic~, total=1
[debug] [2020-01-14T10:47:18.259Z] [worker-pool] submitWork(triggerId=)
[debug] [2020-01-14T10:47:18.260Z] [worker-~diagnostic~-882a3184-3b1e-4453-8f79-e13aead7d3ad]: Assigning socketPath: \\?\pipe\C:\Users\Web Projects\Desktop\FirebaseApp\firebase\functions\14540
[debug] [2020-01-14T10:47:18.260Z] [worker-~diagnostic~-882a3184-3b1e-4453-8f79-e13aead7d3ad]: BUSY
[debug] [2020-01-14T10:47:18.735Z] [runtime-status] [14540] Functions runtime initialized. {"cwd":"C:\\Users\\Web Projects\\Desktop\\FirebaseApp\\firebase\\functions","node_version":"13.1.0"}
[debug] [2020-01-14T10:47:18.735Z] [runtime-status] [14540] Disabled runtime features: {"functions_config_helper":true,"network_filtering":true,"timeout":true,"memory_limiting":true,"admin_stubs":true,"pubsub_emulator":true}
[debug] [2020-01-14T10:47:18.738Z] [runtime-status] [14540] Resolved module firebase-admin {"declared":true,"installed":true,"version":"8.8.0","resolution":"C:\\Users\\Web Projects\\Desktop\\FirebaseApp\\firebase\\functions\\node_modules\\firebase-admin\\lib\\index.js"}
[debug] [2020-01-14T10:47:18.740Z] [runtime-status] [14540] Resolved module firebase-functions {"declared":true,"installed":true,"version":"3.3.0","resolution":"C:\\Users\\Web Projects\\Desktop\\FirebaseApp\\firebase\\functions\\node_modules\\firebase-functions\\lib\\index.js"}
[debug] [2020-01-14T10:47:18.741Z] [runtime-status] [14540] Resolved module firebase-functions {"declared":true,"installed":true,"version":"3.3.0","resolution":"C:\\Users\\Web Projects\\Desktop\\FirebaseApp\\firebase\\functions\\node_modules\\firebase-functions\\lib\\index.js"}
[warn] !  C:\Users\Web Projects\Desktop\FirebaseApp\firebase\functions\index.js:1
import functions from 'firebase-functions'
^^^^^^

SyntaxError: Cannot use import statement outside a module
    at wrapSafe (internal/modules/cjs/loader.js:983:16)
    at Module._compile (internal/modules/cjs/loader.js:1033:27)
    at Object.Module._extensions..js (internal/modules/cjs/loader.js:1103:10)
    at Module.load (internal/modules/cjs/loader.js:914:32)
    at Function.Module._load (internal/modules/cjs/loader.js:822:14)
    at Module.require (internal/modules/cjs/loader.js:956:19)
    at require (internal/modules/cjs/helpers.js:74:18)
    at C:\Users\Web Projects\AppData\Roaming\npm\node_modules\firebase-tools\lib\emulator\functionsEmulatorRuntime.js:718:33
    at Generator.next (<anonymous>)
    at fulfilled (C:\Users\Web Projects\AppData\Roaming\npm\node_modules\firebase-tools\lib\emulator\functionsEmulatorRuntime.js:4:58)
[warn] !  We were unable to load your functions code. (see above)
[debug] [2020-01-14T10:47:18.806Z] [worker-~diagnostic~-882a3184-3b1e-4453-8f79-e13aead7d3ad]: exited
[debug] [2020-01-14T10:47:18.806Z] [worker-~diagnostic~-882a3184-3b1e-4453-8f79-e13aead7d3ad]: FINISHED
[debug] [2020-01-14T10:48:42.334Z] ----------------------------------------------------------------------
[debug] [2020-01-14T10:48:42.336Z] Command:       C:\Program Files\nodejs\node.exe C:\Users\Web Projects\AppData\Roaming\npm\node_modules\firebase-tools\lib\bin\firebase.js serve
[debug] [2020-01-14T10:48:42.336Z] CLI Version:   7.11.0
[debug] [2020-01-14T10:48:42.336Z] Platform:      win32
[debug] [2020-01-14T10:48:42.337Z] Node Version:  v13.1.0
[debug] [2020-01-14T10:48:42.338Z] Time:          Tue Jan 14 2020 14:48:42 GMT+0400 (Armenia Standard Time)
[debug] [2020-01-14T10:48:42.338Z] ----------------------------------------------------------------------
[debug] [2020-01-14T10:48:42.338Z] 
[debug] [2020-01-14T10:48:42.347Z] > command requires scopes: ["email","openid","https://www.googleapis.com/auth/cloudplatformprojects.readonly","https://www.googleapis.com/auth/firebase","https://www.googleapis.com/auth/cloud-platform"]
[debug] [2020-01-14T10:48:42.348Z] > authorizing via signed-in user
[debug] [2020-01-14T10:48:42.348Z] [iam] checking project flyclever-cd51a for permissions ["firebase.projects.get"]
[debug] [2020-01-14T10:48:42.350Z] >>> HTTP REQUEST POST https://cloudresourcemanager.googleapis.com/v1/projects/flyclever-cd51a:testIamPermissions  

[debug] [2020-01-14T10:48:43.420Z] <<< HTTP RESPONSE 200
[debug] [2020-01-14T10:48:43.422Z] >>> HTTP REQUEST GET https://firebase.googleapis.com/v1beta1/projects/flyclever-cd51a  
 
[debug] [2020-01-14T10:48:43.729Z] <<< HTTP RESPONSE 200
[info] 
[info] === Serving from 'C:\Users\Web Projects\Desktop\FirebaseApp\firebase'...
[info] 
[debug] [2020-01-14T10:48:43.734Z] >>> HTTP REQUEST GET https://firebase.googleapis.com/v1beta1/projects/flyclever-cd51a/webApps/-/config  
 
[debug] [2020-01-14T10:48:44.429Z] <<< HTTP RESPONSE 200
[info] i  hosting: Serving hosting files from: app/build
[info] +  hosting: Local server: http://localhost:5000
[warn] !  Your requested "node" version "8" doesn't match your global version "13"
[info] +  functions: Emulator started at http://localhost:5001
[info] i  functions: Watching "C:\Users\Web Projects\Desktop\FirebaseApp\firebase\functions" for Cloud Functions...
[debug] [2020-01-14T10:48:46.263Z] [worker-pool] addWorker(~diagnostic~)
[debug] [2020-01-14T10:48:46.263Z] [worker-pool] Adding worker with key ~diagnostic~, total=1
[debug] [2020-01-14T10:48:46.263Z] [worker-pool] submitWork(triggerId=)
[debug] [2020-01-14T10:48:46.264Z] [worker-~diagnostic~-c7b1e67a-5b27-47ef-b215-cdc9332b5f85]: Assigning socketPath: \\?\pipe\C:\Users\Web Projects\Desktop\FirebaseApp\firebase\functions\15108
[debug] [2020-01-14T10:48:46.264Z] [worker-~diagnostic~-c7b1e67a-5b27-47ef-b215-cdc9332b5f85]: BUSY
[debug] [2020-01-14T10:48:46.693Z] [runtime-status] [15108] Functions runtime initialized. {"cwd":"C:\\Users\\Web Projects\\Desktop\\FirebaseApp\\firebase\\functions","node_version":"13.1.0"}
[debug] [2020-01-14T10:48:46.694Z] [runtime-status] [15108] Disabled runtime features: {"functions_config_helper":true,"network_filtering":true,"timeout":true,"memory_limiting":true,"admin_stubs":true,"pubsub_emulator":true}
[debug] [2020-01-14T10:48:46.697Z] [runtime-status] [15108] Resolved module firebase-admin {"declared":true,"installed":true,"version":"8.8.0","resolution":"C:\\Users\\Web Projects\\Desktop\\FirebaseApp\\firebase\\functions\\node_modules\\firebase-admin\\lib\\index.js"}
[debug] [2020-01-14T10:48:46.699Z] [runtime-status] [15108] Resolved module firebase-functions {"declared":true,"installed":true,"version":"3.3.0","resolution":"C:\\Users\\Web Projects\\Desktop\\FirebaseApp\\firebase\\functions\\node_modules\\firebase-functions\\lib\\index.js"}
[debug] [2020-01-14T10:48:46.700Z] [runtime-status] [15108] Resolved module firebase-functions {"declared":true,"installed":true,"version":"3.3.0","resolution":"C:\\Users\\Web Projects\\Desktop\\FirebaseApp\\firebase\\functions\\node_modules\\firebase-functions\\lib\\index.js"}
[warn] !  C:\Users\Web Projects\Desktop\FirebaseApp\firebase\functions\index.js:1
import functions from 'firebase-functions'
^^^^^^

SyntaxError: Cannot use import statement outside a module
    at wrapSafe (internal/modules/cjs/loader.js:983:16)
    at Module._compile (internal/modules/cjs/loader.js:1033:27)
    at Object.Module._extensions..js (internal/modules/cjs/loader.js:1103:10)
    at Module.load (internal/modules/cjs/loader.js:914:32)
    at Function.Module._load (internal/modules/cjs/loader.js:822:14)
    at Module.require (internal/modules/cjs/loader.js:956:19)
    at require (internal/modules/cjs/helpers.js:74:18)
    at C:\Users\Web Projects\AppData\Roaming\npm\node_modules\firebase-tools\lib\emulator\functionsEmulatorRuntime.js:718:33
    at Generator.next (<anonymous>)
    at fulfilled (C:\Users\Web Projects\AppData\Roaming\npm\node_modules\firebase-tools\lib\emulator\functionsEmulatorRuntime.js:4:58)
[warn] !  We were unable to load your functions code. (see above)
[debug] [2020-01-14T10:48:46.770Z] [worker-~diagnostic~-c7b1e67a-5b27-47ef-b215-cdc9332b5f85]: exited
[debug] [2020-01-14T10:48:46.770Z] [worker-~diagnostic~-c7b1e67a-5b27-47ef-b215-cdc9332b5f85]: FINISHED
[debug] [2020-01-14T10:56:32.178Z] ----------------------------------------------------------------------
[debug] [2020-01-14T10:56:32.181Z] Command:       C:\Program Files\nodejs\node.exe C:\Users\Web Projects\AppData\Roaming\npm\node_modules\firebase-tools\lib\bin\firebase.js serve
[debug] [2020-01-14T10:56:32.181Z] CLI Version:   7.11.0
[debug] [2020-01-14T10:56:32.181Z] Platform:      win32
[debug] [2020-01-14T10:56:32.181Z] Node Version:  v13.1.0
[debug] [2020-01-14T10:56:32.182Z] Time:          Tue Jan 14 2020 14:56:32 GMT+0400 (Armenia Standard Time)
[debug] [2020-01-14T10:56:32.182Z] ----------------------------------------------------------------------
[debug] [2020-01-14T10:56:32.182Z] 
[debug] [2020-01-14T10:56:32.192Z] > command requires scopes: ["email","openid","https://www.googleapis.com/auth/cloudplatformprojects.readonly","https://www.googleapis.com/auth/firebase","https://www.googleapis.com/auth/cloud-platform"]
[debug] [2020-01-14T10:56:32.193Z] > authorizing via signed-in user
[debug] [2020-01-14T10:56:32.194Z] [iam] checking project flyclever-cd51a for permissions ["firebase.projects.get"]
[debug] [2020-01-14T10:56:32.196Z] >>> HTTP REQUEST POST https://cloudresourcemanager.googleapis.com/v1/projects/flyclever-cd51a:testIamPermissions  

[debug] [2020-01-14T10:56:34.338Z] <<< HTTP RESPONSE 200
[debug] [2020-01-14T10:56:34.340Z] >>> HTTP REQUEST GET https://firebase.googleapis.com/v1beta1/projects/flyclever-cd51a  
 
[debug] [2020-01-14T10:56:34.763Z] <<< HTTP RESPONSE 200
[info] 
[info] === Serving from 'C:\Users\Web Projects\Desktop\FirebaseApp\firebase'...
[info] 
[debug] [2020-01-14T10:56:34.768Z] >>> HTTP REQUEST GET https://firebase.googleapis.com/v1beta1/projects/flyclever-cd51a/webApps/-/config  
 
[debug] [2020-01-14T10:56:35.490Z] <<< HTTP RESPONSE 200
[info] i  hosting: Serving hosting files from: app/build
[info] +  hosting: Local server: http://localhost:5000
[warn] !  Your requested "node" version "8" doesn't match your global version "13"
[info] +  functions: Emulator started at http://localhost:5001
[info] i  functions: Watching "C:\Users\Web Projects\Desktop\FirebaseApp\firebase\functions" for Cloud Functions...
[debug] [2020-01-14T10:56:37.297Z] [worker-pool] addWorker(~diagnostic~)
[debug] [2020-01-14T10:56:37.297Z] [worker-pool] Adding worker with key ~diagnostic~, total=1
[debug] [2020-01-14T10:56:37.297Z] [worker-pool] submitWork(triggerId=)
[debug] [2020-01-14T10:56:37.297Z] [worker-~diagnostic~-2575a788-41c8-4cfe-a402-de4a3fbb22db]: Assigning socketPath: \\?\pipe\C:\Users\Web Projects\Desktop\FirebaseApp\firebase\functions\13532
[debug] [2020-01-14T10:56:37.298Z] [worker-~diagnostic~-2575a788-41c8-4cfe-a402-de4a3fbb22db]: BUSY
[debug] [2020-01-14T10:56:37.745Z] [runtime-status] [13532] Functions runtime initialized. {"cwd":"C:\\Users\\Web Projects\\Desktop\\FirebaseApp\\firebase\\functions","node_version":"13.1.0"}
[debug] [2020-01-14T10:56:37.746Z] [runtime-status] [13532] Disabled runtime features: {"functions_config_helper":true,"network_filtering":true,"timeout":true,"memory_limiting":true,"admin_stubs":true,"pubsub_emulator":true}
[debug] [2020-01-14T10:56:37.749Z] [runtime-status] [13532] Resolved module firebase-admin {"declared":true,"installed":true,"version":"8.8.0","resolution":"C:\\Users\\Web Projects\\Desktop\\FirebaseApp\\firebase\\functions\\node_modules\\firebase-admin\\lib\\index.js"}
[debug] [2020-01-14T10:56:37.751Z] [runtime-status] [13532] Resolved module firebase-functions {"declared":true,"installed":true,"version":"3.3.0","resolution":"C:\\Users\\Web Projects\\Desktop\\FirebaseApp\\firebase\\functions\\node_modules\\firebase-functions\\lib\\index.js"}
[debug] [2020-01-14T10:56:37.752Z] [runtime-status] [13532] Resolved module firebase-functions {"declared":true,"installed":true,"version":"3.3.0","resolution":"C:\\Users\\Web Projects\\Desktop\\FirebaseApp\\firebase\\functions\\node_modules\\firebase-functions\\lib\\index.js"}
[warn] !  C:\Users\Web Projects\Desktop\FirebaseApp\firebase\functions\index.js:1
import functions from 'firebase-functions'
^^^^^^

SyntaxError: Cannot use import statement outside a module
    at wrapSafe (internal/modules/cjs/loader.js:983:16)
    at Module._compile (internal/modules/cjs/loader.js:1033:27)
    at Object.Module._extensions..js (internal/modules/cjs/loader.js:1103:10)
    at Module.load (internal/modules/cjs/loader.js:914:32)
    at Function.Module._load (internal/modules/cjs/loader.js:822:14)
    at Module.require (internal/modules/cjs/loader.js:956:19)
    at require (internal/modules/cjs/helpers.js:74:18)
    at C:\Users\Web Projects\AppData\Roaming\npm\node_modules\firebase-tools\lib\emulator\functionsEmulatorRuntime.js:718:33
    at Generator.next (<anonymous>)
    at fulfilled (C:\Users\Web Projects\AppData\Roaming\npm\node_modules\firebase-tools\lib\emulator\functionsEmulatorRuntime.js:4:58)
[warn] !  We were unable to load your functions code. (see above)
[debug] [2020-01-14T10:56:37.819Z] [worker-~diagnostic~-2575a788-41c8-4cfe-a402-de4a3fbb22db]: exited
[debug] [2020-01-14T10:56:37.819Z] [worker-~diagnostic~-2575a788-41c8-4cfe-a402-de4a3fbb22db]: FINISHED
[debug] [2020-01-14T10:57:07.362Z] File C:\Users\Web Projects\Desktop\FirebaseApp\firebase\functions\index.js changed, reloading triggers
[debug] [2020-01-14T10:57:08.363Z] [worker-pool] Cleaned up workers for ~diagnostic~: 1 --> 0
[debug] [2020-01-14T10:57:08.369Z] [worker-pool] addWorker(~diagnostic~)
[debug] [2020-01-14T10:57:08.369Z] [worker-pool] Adding worker with key ~diagnostic~, total=1
[debug] [2020-01-14T10:57:08.369Z] [worker-pool] submitWork(triggerId=)
[debug] [2020-01-14T10:57:08.369Z] [worker-~diagnostic~-4c8cdc2d-63c6-4811-b4f6-edc7fce251f0]: Assigning socketPath: \\?\pipe\C:\Users\Web Projects\Desktop\FirebaseApp\firebase\functions\14992
[debug] [2020-01-14T10:57:08.369Z] [worker-~diagnostic~-4c8cdc2d-63c6-4811-b4f6-edc7fce251f0]: BUSY
[debug] [2020-01-14T10:57:08.904Z] [runtime-status] [14992] Functions runtime initialized. {"cwd":"C:\\Users\\Web Projects\\Desktop\\FirebaseApp\\firebase\\functions","node_version":"13.1.0"}
[debug] [2020-01-14T10:57:08.906Z] [runtime-status] [14992] Disabled runtime features: {"functions_config_helper":true,"network_filtering":true,"timeout":true,"memory_limiting":true,"admin_stubs":true,"pubsub_emulator":true}
[debug] [2020-01-14T10:57:08.910Z] [runtime-status] [14992] Resolved module firebase-admin {"declared":true,"installed":true,"version":"8.8.0","resolution":"C:\\Users\\Web Projects\\Desktop\\FirebaseApp\\firebase\\functions\\node_modules\\firebase-admin\\lib\\index.js"}
[debug] [2020-01-14T10:57:08.913Z] [runtime-status] [14992] Resolved module firebase-functions {"declared":true,"installed":true,"version":"3.3.0","resolution":"C:\\Users\\Web Projects\\Desktop\\FirebaseApp\\firebase\\functions\\node_modules\\firebase-functions\\lib\\index.js"}
[debug] [2020-01-14T10:57:08.915Z] [runtime-status] [14992] Resolved module firebase-functions {"declared":true,"installed":true,"version":"3.3.0","resolution":"C:\\Users\\Web Projects\\Desktop\\FirebaseApp\\firebase\\functions\\node_modules\\firebase-functions\\lib\\index.js"}
[warn] !  C:\Users\Web Projects\Desktop\FirebaseApp\firebase\functions\index.js:2
import admin from 'firebase-admin'
^^^^^^

SyntaxError: Cannot use import statement outside a module
    at wrapSafe (internal/modules/cjs/loader.js:983:16)
    at Module._compile (internal/modules/cjs/loader.js:1033:27)
    at Object.Module._extensions..js (internal/modules/cjs/loader.js:1103:10)
    at Module.load (internal/modules/cjs/loader.js:914:32)
    at Function.Module._load (internal/modules/cjs/loader.js:822:14)
    at Module.require (internal/modules/cjs/loader.js:956:19)
    at require (internal/modules/cjs/helpers.js:74:18)
    at C:\Users\Web Projects\AppData\Roaming\npm\node_modules\firebase-tools\lib\emulator\functionsEmulatorRuntime.js:718:33
    at Generator.next (<anonymous>)
    at fulfilled (C:\Users\Web Projects\AppData\Roaming\npm\node_modules\firebase-tools\lib\emulator\functionsEmulatorRuntime.js:4:58)
[warn] !  We were unable to load your functions code. (see above)
[debug] [2020-01-14T10:57:09.020Z] [worker-~diagnostic~-4c8cdc2d-63c6-4811-b4f6-edc7fce251f0]: exited
[debug] [2020-01-14T10:57:09.020Z] [worker-~diagnostic~-4c8cdc2d-63c6-4811-b4f6-edc7fce251f0]: FINISHED
[debug] [2020-01-14T10:57:16.567Z] ----------------------------------------------------------------------
[debug] [2020-01-14T10:57:16.570Z] Command:       C:\Program Files\nodejs\node.exe C:\Users\Web Projects\AppData\Roaming\npm\node_modules\firebase-tools\lib\bin\firebase.js serve
[debug] [2020-01-14T10:57:16.570Z] CLI Version:   7.11.0
[debug] [2020-01-14T10:57:16.570Z] Platform:      win32
[debug] [2020-01-14T10:57:16.570Z] Node Version:  v13.1.0
[debug] [2020-01-14T10:57:16.571Z] Time:          Tue Jan 14 2020 14:57:16 GMT+0400 (Armenia Standard Time)
[debug] [2020-01-14T10:57:16.572Z] ----------------------------------------------------------------------
[debug] [2020-01-14T10:57:16.572Z] 
[debug] [2020-01-14T10:57:16.581Z] > command requires scopes: ["email","openid","https://www.googleapis.com/auth/cloudplatformprojects.readonly","https://www.googleapis.com/auth/firebase","https://www.googleapis.com/auth/cloud-platform"]
[debug] [2020-01-14T10:57:16.582Z] > authorizing via signed-in user
[debug] [2020-01-14T10:57:16.582Z] [iam] checking project flyclever-cd51a for permissions ["firebase.projects.get"]
[debug] [2020-01-14T10:57:16.584Z] >>> HTTP REQUEST POST https://cloudresourcemanager.googleapis.com/v1/projects/flyclever-cd51a:testIamPermissions  

[debug] [2020-01-14T10:57:17.656Z] <<< HTTP RESPONSE 200
[debug] [2020-01-14T10:57:17.658Z] >>> HTTP REQUEST GET https://firebase.googleapis.com/v1beta1/projects/flyclever-cd51a  
 
[debug] [2020-01-14T10:57:17.997Z] <<< HTTP RESPONSE 200
[info] 
[info] === Serving from 'C:\Users\Web Projects\Desktop\FirebaseApp\firebase'...
[info] 
[debug] [2020-01-14T10:57:18.002Z] >>> HTTP REQUEST GET https://firebase.googleapis.com/v1beta1/projects/flyclever-cd51a/webApps/-/config  
 
[debug] [2020-01-14T10:57:18.737Z] <<< HTTP RESPONSE 200
[info] i  hosting: Serving hosting files from: app/build
[info] +  hosting: Local server: http://localhost:5000
[warn] !  Your requested "node" version "8" doesn't match your global version "13"
[info] +  functions: Emulator started at http://localhost:5001
[info] i  functions: Watching "C:\Users\Web Projects\Desktop\FirebaseApp\firebase\functions" for Cloud Functions...
[debug] [2020-01-14T10:57:20.544Z] [worker-pool] addWorker(~diagnostic~)
[debug] [2020-01-14T10:57:20.544Z] [worker-pool] Adding worker with key ~diagnostic~, total=1
[debug] [2020-01-14T10:57:20.544Z] [worker-pool] submitWork(triggerId=)
[debug] [2020-01-14T10:57:20.545Z] [worker-~diagnostic~-fb37cb46-1f31-4348-9075-9f02df8c4a77]: Assigning socketPath: \\?\pipe\C:\Users\Web Projects\Desktop\FirebaseApp\firebase\functions\15020
[debug] [2020-01-14T10:57:20.545Z] [worker-~diagnostic~-fb37cb46-1f31-4348-9075-9f02df8c4a77]: BUSY
[debug] [2020-01-14T10:57:21.021Z] [runtime-status] [15020] Functions runtime initialized. {"cwd":"C:\\Users\\Web Projects\\Desktop\\FirebaseApp\\firebase\\functions","node_version":"13.1.0"}
[debug] [2020-01-14T10:57:21.022Z] [runtime-status] [15020] Disabled runtime features: {"functions_config_helper":true,"network_filtering":true,"timeout":true,"memory_limiting":true,"admin_stubs":true,"pubsub_emulator":true}
[debug] [2020-01-14T10:57:21.026Z] [runtime-status] [15020] Resolved module firebase-admin {"declared":true,"installed":true,"version":"8.8.0","resolution":"C:\\Users\\Web Projects\\Desktop\\FirebaseApp\\firebase\\functions\\node_modules\\firebase-admin\\lib\\index.js"}
[debug] [2020-01-14T10:57:21.028Z] [runtime-status] [15020] Resolved module firebase-functions {"declared":true,"installed":true,"version":"3.3.0","resolution":"C:\\Users\\Web Projects\\Desktop\\FirebaseApp\\firebase\\functions\\node_modules\\firebase-functions\\lib\\index.js"}
[debug] [2020-01-14T10:57:21.029Z] [runtime-status] [15020] Resolved module firebase-functions {"declared":true,"installed":true,"version":"3.3.0","resolution":"C:\\Users\\Web Projects\\Desktop\\FirebaseApp\\firebase\\functions\\node_modules\\firebase-functions\\lib\\index.js"}
[warn] !  C:\Users\Web Projects\Desktop\FirebaseApp\firebase\functions\index.js:2
import admin from 'firebase-admin'
^^^^^^

SyntaxError: Cannot use import statement outside a module
    at wrapSafe (internal/modules/cjs/loader.js:983:16)
    at Module._compile (internal/modules/cjs/loader.js:1033:27)
    at Object.Module._extensions..js (internal/modules/cjs/loader.js:1103:10)
    at Module.load (internal/modules/cjs/loader.js:914:32)
    at Function.Module._load (internal/modules/cjs/loader.js:822:14)
    at Module.require (internal/modules/cjs/loader.js:956:19)
    at require (internal/modules/cjs/helpers.js:74:18)
    at C:\Users\Web Projects\AppData\Roaming\npm\node_modules\firebase-tools\lib\emulator\functionsEmulatorRuntime.js:718:33
    at Generator.next (<anonymous>)
    at fulfilled (C:\Users\Web Projects\AppData\Roaming\npm\node_modules\firebase-tools\lib\emulator\functionsEmulatorRuntime.js:4:58)
[warn] !  We were unable to load your functions code. (see above)
[debug] [2020-01-14T10:57:21.105Z] [worker-~diagnostic~-fb37cb46-1f31-4348-9075-9f02df8c4a77]: exited
[debug] [2020-01-14T10:57:21.105Z] [worker-~diagnostic~-fb37cb46-1f31-4348-9075-9f02df8c4a77]: FINISHED
[debug] [2020-01-14T10:57:31.381Z] File C:\Users\Web Projects\Desktop\FirebaseApp\firebase\functions\index.js changed, reloading triggers
[debug] [2020-01-14T10:57:32.382Z] [worker-pool] Cleaned up workers for ~diagnostic~: 1 --> 0
[debug] [2020-01-14T10:57:32.387Z] [worker-pool] addWorker(~diagnostic~)
[debug] [2020-01-14T10:57:32.387Z] [worker-pool] Adding worker with key ~diagnostic~, total=1
[debug] [2020-01-14T10:57:32.387Z] [worker-pool] submitWork(triggerId=)
[debug] [2020-01-14T10:57:32.388Z] [worker-~diagnostic~-1fc30796-ce9a-4794-9d8d-4968b81f0a18]: Assigning socketPath: \\?\pipe\C:\Users\Web Projects\Desktop\FirebaseApp\firebase\functions\9520
[debug] [2020-01-14T10:57:32.388Z] [worker-~diagnostic~-1fc30796-ce9a-4794-9d8d-4968b81f0a18]: BUSY
[debug] [2020-01-14T10:57:32.915Z] [runtime-status] [9520] Functions runtime initialized. {"cwd":"C:\\Users\\Web Projects\\Desktop\\FirebaseApp\\firebase\\functions","node_version":"13.1.0"}
[debug] [2020-01-14T10:57:32.917Z] [runtime-status] [9520] Disabled runtime features: {"functions_config_helper":true,"network_filtering":true,"timeout":true,"memory_limiting":true,"admin_stubs":true,"pubsub_emulator":true}
[debug] [2020-01-14T10:57:32.921Z] [runtime-status] [9520] Resolved module firebase-admin {"declared":true,"installed":true,"version":"8.8.0","resolution":"C:\\Users\\Web Projects\\Desktop\\FirebaseApp\\firebase\\functions\\node_modules\\firebase-admin\\lib\\index.js"}
[debug] [2020-01-14T10:57:32.923Z] [runtime-status] [9520] Resolved module firebase-functions {"declared":true,"installed":true,"version":"3.3.0","resolution":"C:\\Users\\Web Projects\\Desktop\\FirebaseApp\\firebase\\functions\\node_modules\\firebase-functions\\lib\\index.js"}
[debug] [2020-01-14T10:57:32.924Z] [runtime-status] [9520] Resolved module firebase-functions {"declared":true,"installed":true,"version":"3.3.0","resolution":"C:\\Users\\Web Projects\\Desktop\\FirebaseApp\\firebase\\functions\\node_modules\\firebase-functions\\lib\\index.js"}
[warn] !  C:\Users\Web Projects\Desktop\FirebaseApp\firebase\functions\index.js:1
import functions from 'firebase-functions'
^^^^^^

SyntaxError: Cannot use import statement outside a module
    at wrapSafe (internal/modules/cjs/loader.js:983:16)
    at Module._compile (internal/modules/cjs/loader.js:1033:27)
    at Object.Module._extensions..js (internal/modules/cjs/loader.js:1103:10)
    at Module.load (internal/modules/cjs/loader.js:914:32)
    at Function.Module._load (internal/modules/cjs/loader.js:822:14)
    at Module.require (internal/modules/cjs/loader.js:956:19)
    at require (internal/modules/cjs/helpers.js:74:18)
    at C:\Users\Web Projects\AppData\Roaming\npm\node_modules\firebase-tools\lib\emulator\functionsEmulatorRuntime.js:718:33
    at Generator.next (<anonymous>)
    at fulfilled (C:\Users\Web Projects\AppData\Roaming\npm\node_modules\firebase-tools\lib\emulator\functionsEmulatorRuntime.js:4:58)
[warn] !  We were unable to load your functions code. (see above)
[debug] [2020-01-14T10:57:33.014Z] [worker-~diagnostic~-1fc30796-ce9a-4794-9d8d-4968b81f0a18]: exited
[debug] [2020-01-14T10:57:33.014Z] [worker-~diagnostic~-1fc30796-ce9a-4794-9d8d-4968b81f0a18]: FINISHED
[debug] [2020-01-14T10:57:34.191Z] File C:\Users\Web Projects\Desktop\FirebaseApp\firebase\functions\index.js changed, reloading triggers
[debug] [2020-01-14T10:57:42.424Z] ----------------------------------------------------------------------
[debug] [2020-01-14T10:57:42.427Z] Command:       C:\Program Files\nodejs\node.exe C:\Users\Web Projects\AppData\Roaming\npm\node_modules\firebase-tools\lib\bin\firebase.js serve
[debug] [2020-01-14T10:57:42.427Z] CLI Version:   7.11.0
[debug] [2020-01-14T10:57:42.427Z] Platform:      win32
[debug] [2020-01-14T10:57:42.427Z] Node Version:  v13.1.0
[debug] [2020-01-14T10:57:42.428Z] Time:          Tue Jan 14 2020 14:57:42 GMT+0400 (Armenia Standard Time)
[debug] [2020-01-14T10:57:42.428Z] ----------------------------------------------------------------------
[debug] [2020-01-14T10:57:42.429Z] 
[debug] [2020-01-14T10:57:42.439Z] > command requires scopes: ["email","openid","https://www.googleapis.com/auth/cloudplatformprojects.readonly","https://www.googleapis.com/auth/firebase","https://www.googleapis.com/auth/cloud-platform"]
[debug] [2020-01-14T10:57:42.440Z] > authorizing via signed-in user
[debug] [2020-01-14T10:57:42.440Z] [iam] checking project flyclever-cd51a for permissions ["firebase.projects.get"]
[debug] [2020-01-14T10:57:42.442Z] >>> HTTP REQUEST POST https://cloudresourcemanager.googleapis.com/v1/projects/flyclever-cd51a:testIamPermissions  

[debug] [2020-01-14T10:57:43.495Z] <<< HTTP RESPONSE 200
[debug] [2020-01-14T10:57:43.497Z] >>> HTTP REQUEST GET https://firebase.googleapis.com/v1beta1/projects/flyclever-cd51a  
 
[debug] [2020-01-14T10:57:43.810Z] <<< HTTP RESPONSE 200
[info] 
[info] === Serving from 'C:\Users\Web Projects\Desktop\FirebaseApp\firebase'...
[info] 
[debug] [2020-01-14T10:57:43.816Z] >>> HTTP REQUEST GET https://firebase.googleapis.com/v1beta1/projects/flyclever-cd51a/webApps/-/config  
 
[debug] [2020-01-14T10:57:44.559Z] <<< HTTP RESPONSE 200
[info] i  hosting: Serving hosting files from: app/build
[info] +  hosting: Local server: http://localhost:5000
[warn] !  Your requested "node" version "8" doesn't match your global version "13"
[info] +  functions: Emulator started at http://localhost:5001
[info] i  functions: Watching "C:\Users\Web Projects\Desktop\FirebaseApp\firebase\functions" for Cloud Functions...
[debug] [2020-01-14T10:57:46.344Z] [worker-pool] addWorker(~diagnostic~)
[debug] [2020-01-14T10:57:46.344Z] [worker-pool] Adding worker with key ~diagnostic~, total=1
[debug] [2020-01-14T10:57:46.344Z] [worker-pool] submitWork(triggerId=)
[debug] [2020-01-14T10:57:46.344Z] [worker-~diagnostic~-b1e13ce3-279b-4ec9-983f-a0eb55a01947]: Assigning socketPath: \\?\pipe\C:\Users\Web Projects\Desktop\FirebaseApp\firebase\functions\14068
[debug] [2020-01-14T10:57:46.345Z] [worker-~diagnostic~-b1e13ce3-279b-4ec9-983f-a0eb55a01947]: BUSY
[debug] [2020-01-14T10:57:46.811Z] [runtime-status] [14068] Functions runtime initialized. {"cwd":"C:\\Users\\Web Projects\\Desktop\\FirebaseApp\\firebase\\functions","node_version":"13.1.0"}
[debug] [2020-01-14T10:57:46.811Z] [runtime-status] [14068] Disabled runtime features: {"functions_config_helper":true,"network_filtering":true,"timeout":true,"memory_limiting":true,"admin_stubs":true,"pubsub_emulator":true}
[debug] [2020-01-14T10:57:46.815Z] [runtime-status] [14068] Resolved module firebase-admin {"declared":true,"installed":true,"version":"8.8.0","resolution":"C:\\Users\\Web Projects\\Desktop\\FirebaseApp\\firebase\\functions\\node_modules\\firebase-admin\\lib\\index.js"}
[debug] [2020-01-14T10:57:46.817Z] [runtime-status] [14068] Resolved module firebase-functions {"declared":true,"installed":true,"version":"3.3.0","resolution":"C:\\Users\\Web Projects\\Desktop\\FirebaseApp\\firebase\\functions\\node_modules\\firebase-functions\\lib\\index.js"}
[debug] [2020-01-14T10:57:46.818Z] [runtime-status] [14068] Resolved module firebase-functions {"declared":true,"installed":true,"version":"3.3.0","resolution":"C:\\Users\\Web Projects\\Desktop\\FirebaseApp\\firebase\\functions\\node_modules\\firebase-functions\\lib\\index.js"}
[warn] !  C:\Users\Web Projects\Desktop\FirebaseApp\firebase\functions\index.js:20
import firebase from 'firebase'
^^^^^^

SyntaxError: Cannot use import statement outside a module
    at wrapSafe (internal/modules/cjs/loader.js:983:16)
    at Module._compile (internal/modules/cjs/loader.js:1033:27)
    at Object.Module._extensions..js (internal/modules/cjs/loader.js:1103:10)
    at Module.load (internal/modules/cjs/loader.js:914:32)
    at Function.Module._load (internal/modules/cjs/loader.js:822:14)
    at Module.require (internal/modules/cjs/loader.js:956:19)
    at require (internal/modules/cjs/helpers.js:74:18)
    at C:\Users\Web Projects\AppData\Roaming\npm\node_modules\firebase-tools\lib\emulator\functionsEmulatorRuntime.js:718:33
    at Generator.next (<anonymous>)
    at fulfilled (C:\Users\Web Projects\AppData\Roaming\npm\node_modules\firebase-tools\lib\emulator\functionsEmulatorRuntime.js:4:58)
[warn] !  We were unable to load your functions code. (see above)
[debug] [2020-01-14T10:57:46.886Z] [worker-~diagnostic~-b1e13ce3-279b-4ec9-983f-a0eb55a01947]: exited
[debug] [2020-01-14T10:57:46.887Z] [worker-~diagnostic~-b1e13ce3-279b-4ec9-983f-a0eb55a01947]: FINISHED
[debug] [2020-01-14T10:57:53.564Z] File C:\Users\Web Projects\Desktop\FirebaseApp\firebase\functions\index.js changed, reloading triggers
[debug] [2020-01-14T10:57:54.564Z] [worker-pool] Cleaned up workers for ~diagnostic~: 1 --> 0
[debug] [2020-01-14T10:57:54.569Z] [worker-pool] addWorker(~diagnostic~)
[debug] [2020-01-14T10:57:54.569Z] [worker-pool] Adding worker with key ~diagnostic~, total=1
[debug] [2020-01-14T10:57:54.569Z] [worker-pool] submitWork(triggerId=)
[debug] [2020-01-14T10:57:54.569Z] [worker-~diagnostic~-cbf3513d-1fda-49ea-b6aa-0851d0288a8d]: Assigning socketPath: \\?\pipe\C:\Users\Web Projects\Desktop\FirebaseApp\firebase\functions\14936
[debug] [2020-01-14T10:57:54.569Z] [worker-~diagnostic~-cbf3513d-1fda-49ea-b6aa-0851d0288a8d]: BUSY
[debug] [2020-01-14T10:57:55.056Z] [runtime-status] [14936] Functions runtime initialized. {"cwd":"C:\\Users\\Web Projects\\Desktop\\FirebaseApp\\firebase\\functions","node_version":"13.1.0"}
[debug] [2020-01-14T10:57:55.057Z] [runtime-status] [14936] Disabled runtime features: {"functions_config_helper":true,"network_filtering":true,"timeout":true,"memory_limiting":true,"admin_stubs":true,"pubsub_emulator":true}
[debug] [2020-01-14T10:57:55.061Z] [runtime-status] [14936] Resolved module firebase-admin {"declared":true,"installed":true,"version":"8.8.0","resolution":"C:\\Users\\Web Projects\\Desktop\\FirebaseApp\\firebase\\functions\\node_modules\\firebase-admin\\lib\\index.js"}
[debug] [2020-01-14T10:57:55.063Z] [runtime-status] [14936] Resolved module firebase-functions {"declared":true,"installed":true,"version":"3.3.0","resolution":"C:\\Users\\Web Projects\\Desktop\\FirebaseApp\\firebase\\functions\\node_modules\\firebase-functions\\lib\\index.js"}
[debug] [2020-01-14T10:57:55.064Z] [runtime-status] [14936] Resolved module firebase-functions {"declared":true,"installed":true,"version":"3.3.0","resolution":"C:\\Users\\Web Projects\\Desktop\\FirebaseApp\\firebase\\functions\\node_modules\\firebase-functions\\lib\\index.js"}
[warn] !  ReferenceError: admin is not defined
    at Object.<anonymous> (C:\Users\Web Projects\Desktop\FirebaseApp\firebase\functions\index.js:4:1)
    at Module._compile (internal/modules/cjs/loader.js:1063:30)
    at Object.Module._extensions..js (internal/modules/cjs/loader.js:1103:10)
    at Module.load (internal/modules/cjs/loader.js:914:32)
    at Function.Module._load (internal/modules/cjs/loader.js:822:14)
    at Module.require (internal/modules/cjs/loader.js:956:19)
    at require (internal/modules/cjs/helpers.js:74:18)
    at C:\Users\Web Projects\AppData\Roaming\npm\node_modules\firebase-tools\lib\emulator\functionsEmulatorRuntime.js:718:33
    at Generator.next (<anonymous>)
    at fulfilled (C:\Users\Web Projects\AppData\Roaming\npm\node_modules\firebase-tools\lib\emulator\functionsEmulatorRuntime.js:4:58)
[warn] !  We were unable to load your functions code. (see above)
[debug] [2020-01-14T10:57:55.301Z] [worker-~diagnostic~-cbf3513d-1fda-49ea-b6aa-0851d0288a8d]: exited
[debug] [2020-01-14T10:57:55.301Z] [worker-~diagnostic~-cbf3513d-1fda-49ea-b6aa-0851d0288a8d]: FINISHED
[debug] [2020-01-14T10:57:56.640Z] File C:\Users\Web Projects\Desktop\FirebaseApp\firebase\functions\index.js changed, reloading triggers
[debug] [2020-01-14T10:57:57.640Z] [worker-pool] Cleaned up workers for ~diagnostic~: 1 --> 0
[debug] [2020-01-14T10:57:57.644Z] [worker-pool] addWorker(~diagnostic~)
[debug] [2020-01-14T10:57:57.644Z] [worker-pool] Adding worker with key ~diagnostic~, total=1
[debug] [2020-01-14T10:57:57.644Z] [worker-pool] submitWork(triggerId=)
[debug] [2020-01-14T10:57:57.644Z] [worker-~diagnostic~-5e7510b9-0469-42c6-9c76-ccb439f9924d]: Assigning socketPath: \\?\pipe\C:\Users\Web Projects\Desktop\FirebaseApp\firebase\functions\14076
[debug] [2020-01-14T10:57:57.644Z] [worker-~diagnostic~-5e7510b9-0469-42c6-9c76-ccb439f9924d]: BUSY
[debug] [2020-01-14T10:57:58.124Z] [runtime-status] [14076] Functions runtime initialized. {"cwd":"C:\\Users\\Web Projects\\Desktop\\FirebaseApp\\firebase\\functions","node_version":"13.1.0"}
[debug] [2020-01-14T10:57:58.126Z] [runtime-status] [14076] Disabled runtime features: {"functions_config_helper":true,"network_filtering":true,"timeout":true,"memory_limiting":true,"admin_stubs":true,"pubsub_emulator":true}
[debug] [2020-01-14T10:57:58.129Z] [runtime-status] [14076] Resolved module firebase-admin {"declared":true,"installed":true,"version":"8.8.0","resolution":"C:\\Users\\Web Projects\\Desktop\\FirebaseApp\\firebase\\functions\\node_modules\\firebase-admin\\lib\\index.js"}
[debug] [2020-01-14T10:57:58.132Z] [runtime-status] [14076] Resolved module firebase-functions {"declared":true,"installed":true,"version":"3.3.0","resolution":"C:\\Users\\Web Projects\\Desktop\\FirebaseApp\\firebase\\functions\\node_modules\\firebase-functions\\lib\\index.js"}
[debug] [2020-01-14T10:57:58.133Z] [runtime-status] [14076] Resolved module firebase-functions {"declared":true,"installed":true,"version":"3.3.0","resolution":"C:\\Users\\Web Projects\\Desktop\\FirebaseApp\\firebase\\functions\\node_modules\\firebase-functions\\lib\\index.js"}
[warn] !  C:\Users\Web Projects\Desktop\FirebaseApp\firebase\functions\index.js:3
import firebase from 'firebase'
^^^^^^

SyntaxError: Cannot use import statement outside a module
    at wrapSafe (internal/modules/cjs/loader.js:983:16)
    at Module._compile (internal/modules/cjs/loader.js:1033:27)
    at Object.Module._extensions..js (internal/modules/cjs/loader.js:1103:10)
    at Module.load (internal/modules/cjs/loader.js:914:32)
    at Function.Module._load (internal/modules/cjs/loader.js:822:14)
    at Module.require (internal/modules/cjs/loader.js:956:19)
    at require (internal/modules/cjs/helpers.js:74:18)
    at C:\Users\Web Projects\AppData\Roaming\npm\node_modules\firebase-tools\lib\emulator\functionsEmulatorRuntime.js:718:33
    at Generator.next (<anonymous>)
    at fulfilled (C:\Users\Web Projects\AppData\Roaming\npm\node_modules\firebase-tools\lib\emulator\functionsEmulatorRuntime.js:4:58)
[warn] !  We were unable to load your functions code. (see above)
[debug] [2020-01-14T10:57:58.203Z] [worker-~diagnostic~-5e7510b9-0469-42c6-9c76-ccb439f9924d]: exited
[debug] [2020-01-14T10:57:58.204Z] [worker-~diagnostic~-5e7510b9-0469-42c6-9c76-ccb439f9924d]: FINISHED
[debug] [2020-01-14T10:58:10.110Z] ----------------------------------------------------------------------
[debug] [2020-01-14T10:58:10.112Z] Command:       C:\Program Files\nodejs\node.exe C:\Users\Web Projects\AppData\Roaming\npm\node_modules\firebase-tools\lib\bin\firebase.js serve
[debug] [2020-01-14T10:58:10.113Z] CLI Version:   7.11.0
[debug] [2020-01-14T10:58:10.113Z] Platform:      win32
[debug] [2020-01-14T10:58:10.113Z] Node Version:  v13.1.0
[debug] [2020-01-14T10:58:10.114Z] Time:          Tue Jan 14 2020 14:58:10 GMT+0400 (Armenia Standard Time)
[debug] [2020-01-14T10:58:10.114Z] ----------------------------------------------------------------------
[debug] [2020-01-14T10:58:10.114Z] 
[debug] [2020-01-14T10:58:10.124Z] > command requires scopes: ["email","openid","https://www.googleapis.com/auth/cloudplatformprojects.readonly","https://www.googleapis.com/auth/firebase","https://www.googleapis.com/auth/cloud-platform"]
[debug] [2020-01-14T10:58:10.125Z] > authorizing via signed-in user
[debug] [2020-01-14T10:58:10.125Z] [iam] checking project flyclever-cd51a for permissions ["firebase.projects.get"]
[debug] [2020-01-14T10:58:10.127Z] >>> HTTP REQUEST POST https://cloudresourcemanager.googleapis.com/v1/projects/flyclever-cd51a:testIamPermissions  

[debug] [2020-01-14T10:58:11.217Z] <<< HTTP RESPONSE 200
[debug] [2020-01-14T10:58:11.220Z] >>> HTTP REQUEST GET https://firebase.googleapis.com/v1beta1/projects/flyclever-cd51a  
 
[debug] [2020-01-14T10:58:11.524Z] <<< HTTP RESPONSE 200
[info] 
[info] === Serving from 'C:\Users\Web Projects\Desktop\FirebaseApp\firebase'...
[info] 
[debug] [2020-01-14T10:58:11.529Z] >>> HTTP REQUEST GET https://firebase.googleapis.com/v1beta1/projects/flyclever-cd51a/webApps/-/config  
 
[debug] [2020-01-14T10:58:12.162Z] <<< HTTP RESPONSE 200
[info] i  hosting: Serving hosting files from: app/build
[info] +  hosting: Local server: http://localhost:5000
[warn] !  Your requested "node" version "8" doesn't match your global version "13"
[info] +  functions: Emulator started at http://localhost:5001
[info] i  functions: Watching "C:\Users\Web Projects\Desktop\FirebaseApp\firebase\functions" for Cloud Functions...
[debug] [2020-01-14T10:58:14.058Z] [worker-pool] addWorker(~diagnostic~)
[debug] [2020-01-14T10:58:14.058Z] [worker-pool] Adding worker with key ~diagnostic~, total=1
[debug] [2020-01-14T10:58:14.059Z] [worker-pool] submitWork(triggerId=)
[debug] [2020-01-14T10:58:14.059Z] [worker-~diagnostic~-5ff620e8-0c93-42e4-9b90-85c81f369151]: Assigning socketPath: \\?\pipe\C:\Users\Web Projects\Desktop\FirebaseApp\firebase\functions\14648
[debug] [2020-01-14T10:58:14.059Z] [worker-~diagnostic~-5ff620e8-0c93-42e4-9b90-85c81f369151]: BUSY
[debug] [2020-01-14T10:58:14.494Z] [runtime-status] [14648] Functions runtime initialized. {"cwd":"C:\\Users\\Web Projects\\Desktop\\FirebaseApp\\firebase\\functions","node_version":"13.1.0"}
[debug] [2020-01-14T10:58:14.494Z] [runtime-status] [14648] Disabled runtime features: {"functions_config_helper":true,"network_filtering":true,"timeout":true,"memory_limiting":true,"admin_stubs":true,"pubsub_emulator":true}
[debug] [2020-01-14T10:58:14.497Z] [runtime-status] [14648] Resolved module firebase-admin {"declared":true,"installed":true,"version":"8.8.0","resolution":"C:\\Users\\Web Projects\\Desktop\\FirebaseApp\\firebase\\functions\\node_modules\\firebase-admin\\lib\\index.js"}
[debug] [2020-01-14T10:58:14.499Z] [runtime-status] [14648] Resolved module firebase-functions {"declared":true,"installed":true,"version":"3.3.0","resolution":"C:\\Users\\Web Projects\\Desktop\\FirebaseApp\\firebase\\functions\\node_modules\\firebase-functions\\lib\\index.js"}
[debug] [2020-01-14T10:58:14.500Z] [runtime-status] [14648] Resolved module firebase-functions {"declared":true,"installed":true,"version":"3.3.0","resolution":"C:\\Users\\Web Projects\\Desktop\\FirebaseApp\\firebase\\functions\\node_modules\\firebase-functions\\lib\\index.js"}
[warn] !  C:\Users\Web Projects\Desktop\FirebaseApp\firebase\functions\index.js:3
import firebase from 'firebase'
^^^^^^

SyntaxError: Cannot use import statement outside a module
    at wrapSafe (internal/modules/cjs/loader.js:983:16)
    at Module._compile (internal/modules/cjs/loader.js:1033:27)
    at Object.Module._extensions..js (internal/modules/cjs/loader.js:1103:10)
    at Module.load (internal/modules/cjs/loader.js:914:32)
    at Function.Module._load (internal/modules/cjs/loader.js:822:14)
    at Module.require (internal/modules/cjs/loader.js:956:19)
    at require (internal/modules/cjs/helpers.js:74:18)
    at C:\Users\Web Projects\AppData\Roaming\npm\node_modules\firebase-tools\lib\emulator\functionsEmulatorRuntime.js:718:33
    at Generator.next (<anonymous>)
    at fulfilled (C:\Users\Web Projects\AppData\Roaming\npm\node_modules\firebase-tools\lib\emulator\functionsEmulatorRuntime.js:4:58)
[warn] !  We were unable to load your functions code. (see above)
[debug] [2020-01-14T10:58:14.567Z] [worker-~diagnostic~-5ff620e8-0c93-42e4-9b90-85c81f369151]: exited
[debug] [2020-01-14T10:58:14.567Z] [worker-~diagnostic~-5ff620e8-0c93-42e4-9b90-85c81f369151]: FINISHED
[debug] [2020-01-14T10:59:26.382Z] ----------------------------------------------------------------------
[debug] [2020-01-14T10:59:26.384Z] Command:       C:\Program Files\nodejs\node.exe C:\Users\Web Projects\AppData\Roaming\npm\node_modules\firebase-tools\lib\bin\firebase.js serve
[debug] [2020-01-14T10:59:26.385Z] CLI Version:   7.11.0
[debug] [2020-01-14T10:59:26.385Z] Platform:      win32
[debug] [2020-01-14T10:59:26.385Z] Node Version:  v13.1.0
[debug] [2020-01-14T10:59:26.386Z] Time:          Tue Jan 14 2020 14:59:26 GMT+0400 (Armenia Standard Time)
[debug] [2020-01-14T10:59:26.386Z] ----------------------------------------------------------------------
[debug] [2020-01-14T10:59:26.386Z] 
[debug] [2020-01-14T10:59:26.396Z] > command requires scopes: ["email","openid","https://www.googleapis.com/auth/cloudplatformprojects.readonly","https://www.googleapis.com/auth/firebase","https://www.googleapis.com/auth/cloud-platform"]
[debug] [2020-01-14T10:59:26.397Z] > authorizing via signed-in user
[debug] [2020-01-14T10:59:26.397Z] [iam] checking project flyclever-cd51a for permissions ["firebase.projects.get"]
[debug] [2020-01-14T10:59:26.399Z] >>> HTTP REQUEST POST https://cloudresourcemanager.googleapis.com/v1/projects/flyclever-cd51a:testIamPermissions  

[debug] [2020-01-14T10:59:27.481Z] <<< HTTP RESPONSE 200
[debug] [2020-01-14T10:59:27.483Z] >>> HTTP REQUEST GET https://firebase.googleapis.com/v1beta1/projects/flyclever-cd51a  
 
[debug] [2020-01-14T10:59:27.801Z] <<< HTTP RESPONSE 200
[info] 
[info] === Serving from 'C:\Users\Web Projects\Desktop\FirebaseApp\firebase'...
[info] 
[debug] [2020-01-14T10:59:27.807Z] >>> HTTP REQUEST GET https://firebase.googleapis.com/v1beta1/projects/flyclever-cd51a/webApps/-/config  
 
[debug] [2020-01-14T10:59:28.471Z] <<< HTTP RESPONSE 200
[info] i  hosting: Serving hosting files from: app/build
[info] +  hosting: Local server: http://localhost:5000
[warn] !  Your requested "node" version "8" doesn't match your global version "13"
[info] +  functions: Emulator started at http://localhost:5001
[info] i  functions: Watching "C:\Users\Web Projects\Desktop\FirebaseApp\firebase\functions" for Cloud Functions...
[debug] [2020-01-14T10:59:30.334Z] [worker-pool] addWorker(~diagnostic~)
[debug] [2020-01-14T10:59:30.335Z] [worker-pool] Adding worker with key ~diagnostic~, total=1
[debug] [2020-01-14T10:59:30.335Z] [worker-pool] submitWork(triggerId=)
[debug] [2020-01-14T10:59:30.335Z] [worker-~diagnostic~-bf913092-76c5-4fbf-8bdc-8c5a5c26f829]: Assigning socketPath: \\?\pipe\C:\Users\Web Projects\Desktop\FirebaseApp\firebase\functions\9900
[debug] [2020-01-14T10:59:30.335Z] [worker-~diagnostic~-bf913092-76c5-4fbf-8bdc-8c5a5c26f829]: BUSY
[debug] [2020-01-14T10:59:30.772Z] [runtime-status] [9900] Functions runtime initialized. {"cwd":"C:\\Users\\Web Projects\\Desktop\\FirebaseApp\\firebase\\functions","node_version":"13.1.0"}
[debug] [2020-01-14T10:59:30.773Z] [runtime-status] [9900] Disabled runtime features: {"functions_config_helper":true,"network_filtering":true,"timeout":true,"memory_limiting":true,"admin_stubs":true,"pubsub_emulator":true}
[debug] [2020-01-14T10:59:30.776Z] [runtime-status] [9900] Resolved module firebase-admin {"declared":true,"installed":true,"version":"8.8.0","resolution":"C:\\Users\\Web Projects\\Desktop\\FirebaseApp\\firebase\\functions\\node_modules\\firebase-admin\\lib\\index.js"}
[debug] [2020-01-14T10:59:30.778Z] [runtime-status] [9900] Resolved module firebase-functions {"declared":true,"installed":true,"version":"3.3.0","resolution":"C:\\Users\\Web Projects\\Desktop\\FirebaseApp\\firebase\\functions\\node_modules\\firebase-functions\\lib\\index.js"}
[debug] [2020-01-14T10:59:30.779Z] [runtime-status] [9900] Resolved module firebase-functions {"declared":true,"installed":true,"version":"3.3.0","resolution":"C:\\Users\\Web Projects\\Desktop\\FirebaseApp\\firebase\\functions\\node_modules\\firebase-functions\\lib\\index.js"}
[warn] !  C:\Users\Web Projects\Desktop\FirebaseApp\firebase\functions\index.js:1
import functions from 'firebase-functions'
^^^^^^

SyntaxError: Cannot use import statement outside a module
    at wrapSafe (internal/modules/cjs/loader.js:983:16)
    at Module._compile (internal/modules/cjs/loader.js:1033:27)
    at Object.Module._extensions..js (internal/modules/cjs/loader.js:1103:10)
    at Module.load (internal/modules/cjs/loader.js:914:32)
    at Function.Module._load (internal/modules/cjs/loader.js:822:14)
    at Module.require (internal/modules/cjs/loader.js:956:19)
    at require (internal/modules/cjs/helpers.js:74:18)
    at C:\Users\Web Projects\AppData\Roaming\npm\node_modules\firebase-tools\lib\emulator\functionsEmulatorRuntime.js:718:33
    at Generator.next (<anonymous>)
    at fulfilled (C:\Users\Web Projects\AppData\Roaming\npm\node_modules\firebase-tools\lib\emulator\functionsEmulatorRuntime.js:4:58)
[warn] !  We were unable to load your functions code. (see above)
[debug] [2020-01-14T10:59:30.846Z] [worker-~diagnostic~-bf913092-76c5-4fbf-8bdc-8c5a5c26f829]: exited
[debug] [2020-01-14T10:59:30.846Z] [worker-~diagnostic~-bf913092-76c5-4fbf-8bdc-8c5a5c26f829]: FINISHED
[debug] [2020-01-14T11:00:18.366Z] ----------------------------------------------------------------------
[debug] [2020-01-14T11:00:18.369Z] Command:       C:\Program Files\nodejs\node.exe C:\Users\Web Projects\AppData\Roaming\npm\node_modules\firebase-tools\lib\bin\firebase.js serve
[debug] [2020-01-14T11:00:18.369Z] CLI Version:   7.11.0
[debug] [2020-01-14T11:00:18.369Z] Platform:      win32
[debug] [2020-01-14T11:00:18.369Z] Node Version:  v13.1.0
[debug] [2020-01-14T11:00:18.370Z] Time:          Tue Jan 14 2020 15:00:18 GMT+0400 (Armenia Standard Time)
[debug] [2020-01-14T11:00:18.370Z] ----------------------------------------------------------------------
[debug] [2020-01-14T11:00:18.370Z] 
[debug] [2020-01-14T11:00:18.380Z] > command requires scopes: ["email","openid","https://www.googleapis.com/auth/cloudplatformprojects.readonly","https://www.googleapis.com/auth/firebase","https://www.googleapis.com/auth/cloud-platform"]
[debug] [2020-01-14T11:00:18.381Z] > authorizing via signed-in user
[debug] [2020-01-14T11:00:18.381Z] [iam] checking project flyclever-cd51a for permissions ["firebase.projects.get"]
[debug] [2020-01-14T11:00:18.383Z] >>> HTTP REQUEST POST https://cloudresourcemanager.googleapis.com/v1/projects/flyclever-cd51a:testIamPermissions  

[debug] [2020-01-14T11:00:19.466Z] <<< HTTP RESPONSE 200
[debug] [2020-01-14T11:00:19.468Z] >>> HTTP REQUEST GET https://firebase.googleapis.com/v1beta1/projects/flyclever-cd51a  
 
[debug] [2020-01-14T11:00:19.811Z] <<< HTTP RESPONSE 200
[info] 
[info] === Serving from 'C:\Users\Web Projects\Desktop\FirebaseApp\firebase'...
[info] 
[debug] [2020-01-14T11:00:19.816Z] >>> HTTP REQUEST GET https://firebase.googleapis.com/v1beta1/projects/flyclever-cd51a/webApps/-/config  
 
[debug] [2020-01-14T11:00:20.517Z] <<< HTTP RESPONSE 200
[info] i  hosting: Serving hosting files from: app/build
[info] +  hosting: Local server: http://localhost:5000
[warn] !  Your requested "node" version "8" doesn't match your global version "13"
[info] +  functions: Emulator started at http://localhost:5001
[info] i  functions: Watching "C:\Users\Web Projects\Desktop\FirebaseApp\firebase\functions" for Cloud Functions...
[debug] [2020-01-14T11:00:22.345Z] [worker-pool] addWorker(~diagnostic~)
[debug] [2020-01-14T11:00:22.346Z] [worker-pool] Adding worker with key ~diagnostic~, total=1
[debug] [2020-01-14T11:00:22.346Z] [worker-pool] submitWork(triggerId=)
[debug] [2020-01-14T11:00:22.346Z] [worker-~diagnostic~-6acc1ba4-5989-4b02-86a8-24ccc5416c1e]: Assigning socketPath: \\?\pipe\C:\Users\Web Projects\Desktop\FirebaseApp\firebase\functions\14424
[debug] [2020-01-14T11:00:22.346Z] [worker-~diagnostic~-6acc1ba4-5989-4b02-86a8-24ccc5416c1e]: BUSY
[debug] [2020-01-14T11:00:22.776Z] [runtime-status] [14424] Functions runtime initialized. {"cwd":"C:\\Users\\Web Projects\\Desktop\\FirebaseApp\\firebase\\functions","node_version":"13.1.0"}
[debug] [2020-01-14T11:00:22.777Z] [runtime-status] [14424] Disabled runtime features: {"functions_config_helper":true,"network_filtering":true,"timeout":true,"memory_limiting":true,"admin_stubs":true,"pubsub_emulator":true}
[debug] [2020-01-14T11:00:22.780Z] [runtime-status] [14424] Resolved module firebase-admin {"declared":true,"installed":true,"version":"8.8.0","resolution":"C:\\Users\\Web Projects\\Desktop\\FirebaseApp\\firebase\\functions\\node_modules\\firebase-admin\\lib\\index.js"}
[debug] [2020-01-14T11:00:22.782Z] [runtime-status] [14424] Resolved module firebase-functions {"declared":true,"installed":true,"version":"3.3.0","resolution":"C:\\Users\\Web Projects\\Desktop\\FirebaseApp\\firebase\\functions\\node_modules\\firebase-functions\\lib\\index.js"}
[debug] [2020-01-14T11:00:22.783Z] [runtime-status] [14424] Resolved module firebase-functions {"declared":true,"installed":true,"version":"3.3.0","resolution":"C:\\Users\\Web Projects\\Desktop\\FirebaseApp\\firebase\\functions\\node_modules\\firebase-functions\\lib\\index.js"}
[warn] !  C:\Users\Web Projects\Desktop\FirebaseApp\firebase\functions\index.js:1
import functions from 'firebase-functions'
^^^^^^

SyntaxError: Cannot use import statement outside a module
    at wrapSafe (internal/modules/cjs/loader.js:983:16)
    at Module._compile (internal/modules/cjs/loader.js:1033:27)
    at Object.Module._extensions..js (internal/modules/cjs/loader.js:1103:10)
    at Module.load (internal/modules/cjs/loader.js:914:32)
    at Function.Module._load (internal/modules/cjs/loader.js:822:14)
    at Module.require (internal/modules/cjs/loader.js:956:19)
    at require (internal/modules/cjs/helpers.js:74:18)
    at C:\Users\Web Projects\AppData\Roaming\npm\node_modules\firebase-tools\lib\emulator\functionsEmulatorRuntime.js:718:33
    at Generator.next (<anonymous>)
    at fulfilled (C:\Users\Web Projects\AppData\Roaming\npm\node_modules\firebase-tools\lib\emulator\functionsEmulatorRuntime.js:4:58)
[warn] !  We were unable to load your functions code. (see above)
[debug] [2020-01-14T11:00:22.849Z] [worker-~diagnostic~-6acc1ba4-5989-4b02-86a8-24ccc5416c1e]: exited
[debug] [2020-01-14T11:00:22.849Z] [worker-~diagnostic~-6acc1ba4-5989-4b02-86a8-24ccc5416c1e]: FINISHED
[debug] [2020-01-14T11:30:28.013Z] ----------------------------------------------------------------------
[debug] [2020-01-14T11:30:28.016Z] Command:       C:\Program Files\nodejs\node.exe C:\Users\Web Projects\AppData\Roaming\npm\node_modules\firebase-tools\lib\bin\firebase.js serve
[debug] [2020-01-14T11:30:28.016Z] CLI Version:   7.11.0
[debug] [2020-01-14T11:30:28.016Z] Platform:      win32
[debug] [2020-01-14T11:30:28.016Z] Node Version:  v13.1.0
[debug] [2020-01-14T11:30:28.017Z] Time:          Tue Jan 14 2020 15:30:28 GMT+0400 (Armenia Standard Time)
[debug] [2020-01-14T11:30:28.017Z] ----------------------------------------------------------------------
[debug] [2020-01-14T11:30:28.017Z] 
[debug] [2020-01-14T11:30:28.027Z] > command requires scopes: ["email","openid","https://www.googleapis.com/auth/cloudplatformprojects.readonly","https://www.googleapis.com/auth/firebase","https://www.googleapis.com/auth/cloud-platform"]
[debug] [2020-01-14T11:30:28.028Z] > authorizing via signed-in user
[debug] [2020-01-14T11:30:28.028Z] [iam] checking project flyclever-cd51a for permissions ["firebase.projects.get"]
[debug] [2020-01-14T11:30:28.030Z] > refreshing access token with scopes: ["email","https://www.googleapis.com/auth/cloud-platform","https://www.googleapis.com/auth/cloudplatformprojects.readonly","https://www.googleapis.com/auth/firebase","openid"]
[debug] [2020-01-14T11:30:28.030Z] >>> HTTP REQUEST POST https://www.googleapis.com/oauth2/v3/token  
 <request body omitted>
[debug] [2020-01-14T11:30:28.272Z] <<< HTTP RESPONSE 200
[debug] [2020-01-14T11:30:28.282Z] >>> HTTP REQUEST POST https://cloudresourcemanager.googleapis.com/v1/projects/flyclever-cd51a:testIamPermissions  

[debug] [2020-01-14T11:30:29.398Z] <<< HTTP RESPONSE 200
[debug] [2020-01-14T11:30:29.400Z] >>> HTTP REQUEST GET https://firebase.googleapis.com/v1beta1/projects/flyclever-cd51a  
 
[debug] [2020-01-14T11:30:29.758Z] <<< HTTP RESPONSE 200
[info] 
[info] === Serving from 'C:\Users\Web Projects\Desktop\FirebaseApp\firebase'...
[info] 
[debug] [2020-01-14T11:30:29.764Z] >>> HTTP REQUEST GET https://firebase.googleapis.com/v1beta1/projects/flyclever-cd51a/webApps/-/config  
 
[debug] [2020-01-14T11:30:30.412Z] <<< HTTP RESPONSE 200
[info] i  hosting: Serving hosting files from: app/build
[info] +  hosting: Local server: http://localhost:5000
[warn] !  Your requested "node" version "8" doesn't match your global version "13"
[info] +  functions: Emulator started at http://localhost:5001
[info] i  functions: Watching "C:\Users\Web Projects\Desktop\FirebaseApp\firebase\functions" for Cloud Functions...
[debug] [2020-01-14T11:30:32.293Z] [worker-pool] addWorker(~diagnostic~)
[debug] [2020-01-14T11:30:32.294Z] [worker-pool] Adding worker with key ~diagnostic~, total=1
[debug] [2020-01-14T11:30:32.294Z] [worker-pool] submitWork(triggerId=)
[debug] [2020-01-14T11:30:32.294Z] [worker-~diagnostic~-231ef217-9c13-4461-a3cf-236ba71cdb74]: Assigning socketPath: \\?\pipe\C:\Users\Web Projects\Desktop\FirebaseApp\firebase\functions\2052
[debug] [2020-01-14T11:30:32.294Z] [worker-~diagnostic~-231ef217-9c13-4461-a3cf-236ba71cdb74]: BUSY
[debug] [2020-01-14T11:30:32.728Z] [runtime-status] [2052] Functions runtime initialized. {"cwd":"C:\\Users\\Web Projects\\Desktop\\FirebaseApp\\firebase\\functions","node_version":"13.1.0"}
[debug] [2020-01-14T11:30:32.729Z] [runtime-status] [2052] Disabled runtime features: {"functions_config_helper":true,"network_filtering":true,"timeout":true,"memory_limiting":true,"admin_stubs":true,"pubsub_emulator":true}
[debug] [2020-01-14T11:30:32.732Z] [runtime-status] [2052] Resolved module firebase-admin {"declared":true,"installed":true,"version":"8.8.0","resolution":"C:\\Users\\Web Projects\\Desktop\\FirebaseApp\\firebase\\functions\\node_modules\\firebase-admin\\lib\\index.js"}
[debug] [2020-01-14T11:30:32.734Z] [runtime-status] [2052] Resolved module firebase-functions {"declared":true,"installed":true,"version":"3.3.0","resolution":"C:\\Users\\Web Projects\\Desktop\\FirebaseApp\\firebase\\functions\\node_modules\\firebase-functions\\lib\\index.js"}
[debug] [2020-01-14T11:30:32.735Z] [runtime-status] [2052] Resolved module firebase-functions {"declared":true,"installed":true,"version":"3.3.0","resolution":"C:\\Users\\Web Projects\\Desktop\\FirebaseApp\\firebase\\functions\\node_modules\\firebase-functions\\lib\\index.js"}
[warn] !  C:\Users\Web Projects\Desktop\FirebaseApp\firebase\functions\index.js:1
import functions from 'firebase-functions'
^^^^^^

SyntaxError: Cannot use import statement outside a module
    at wrapSafe (internal/modules/cjs/loader.js:983:16)
    at Module._compile (internal/modules/cjs/loader.js:1033:27)
    at Object.Module._extensions..js (internal/modules/cjs/loader.js:1103:10)
    at Module.load (internal/modules/cjs/loader.js:914:32)
    at Function.Module._load (internal/modules/cjs/loader.js:822:14)
    at Module.require (internal/modules/cjs/loader.js:956:19)
    at require (internal/modules/cjs/helpers.js:74:18)
    at C:\Users\Web Projects\AppData\Roaming\npm\node_modules\firebase-tools\lib\emulator\functionsEmulatorRuntime.js:718:33
    at Generator.next (<anonymous>)
    at fulfilled (C:\Users\Web Projects\AppData\Roaming\npm\node_modules\firebase-tools\lib\emulator\functionsEmulatorRuntime.js:4:58)
[warn] !  We were unable to load your functions code. (see above)
[debug] [2020-01-14T11:30:32.799Z] [worker-~diagnostic~-231ef217-9c13-4461-a3cf-236ba71cdb74]: exited
[debug] [2020-01-14T11:30:32.799Z] [worker-~diagnostic~-231ef217-9c13-4461-a3cf-236ba71cdb74]: FINISHED
[debug] [2020-01-14T11:33:30.100Z] ----------------------------------------------------------------------
[debug] [2020-01-14T11:33:30.102Z] Command:       C:\Program Files\nodejs\node.exe C:\Users\Web Projects\AppData\Roaming\npm\node_modules\firebase-tools\lib\bin\firebase.js serve
[debug] [2020-01-14T11:33:30.102Z] CLI Version:   7.11.0
[debug] [2020-01-14T11:33:30.102Z] Platform:      win32
[debug] [2020-01-14T11:33:30.103Z] Node Version:  v13.1.0
[debug] [2020-01-14T11:33:30.104Z] Time:          Tue Jan 14 2020 15:33:30 GMT+0400 (Armenia Standard Time)
[debug] [2020-01-14T11:33:30.104Z] ----------------------------------------------------------------------
[debug] [2020-01-14T11:33:30.104Z] 
[debug] [2020-01-14T11:33:30.114Z] > command requires scopes: ["email","openid","https://www.googleapis.com/auth/cloudplatformprojects.readonly","https://www.googleapis.com/auth/firebase","https://www.googleapis.com/auth/cloud-platform"]
[debug] [2020-01-14T11:33:30.115Z] > authorizing via signed-in user
[debug] [2020-01-14T11:33:30.115Z] [iam] checking project flyclever-cd51a for permissions ["firebase.projects.get"]
[debug] [2020-01-14T11:33:30.117Z] >>> HTTP REQUEST POST https://cloudresourcemanager.googleapis.com/v1/projects/flyclever-cd51a:testIamPermissions  

[debug] [2020-01-14T11:33:31.186Z] <<< HTTP RESPONSE 200
[debug] [2020-01-14T11:33:31.188Z] >>> HTTP REQUEST GET https://firebase.googleapis.com/v1beta1/projects/flyclever-cd51a  
 
[debug] [2020-01-14T11:33:31.513Z] <<< HTTP RESPONSE 200
[info] 
[info] === Serving from 'C:\Users\Web Projects\Desktop\FirebaseApp\firebase'...
[info] 
[debug] [2020-01-14T11:33:31.518Z] >>> HTTP REQUEST GET https://firebase.googleapis.com/v1beta1/projects/flyclever-cd51a/webApps/-/config  
 
[debug] [2020-01-14T11:33:32.210Z] <<< HTTP RESPONSE 200
[info] i  hosting: Serving hosting files from: app/build
[info] +  hosting: Local server: http://localhost:5000
[warn] !  Your requested "node" version "8" doesn't match your global version "13"
[info] +  functions: Emulator started at http://localhost:5001
[info] i  functions: Watching "C:\Users\Web Projects\Desktop\FirebaseApp\firebase\functions" for Cloud Functions...
[debug] [2020-01-14T11:33:34.047Z] [worker-pool] addWorker(~diagnostic~)
[debug] [2020-01-14T11:33:34.047Z] [worker-pool] Adding worker with key ~diagnostic~, total=1
[debug] [2020-01-14T11:33:34.047Z] [worker-pool] submitWork(triggerId=)
[debug] [2020-01-14T11:33:34.048Z] [worker-~diagnostic~-4baf6f38-f59a-4b59-95fa-a2b6f98feaea]: Assigning socketPath: \\?\pipe\C:\Users\Web Projects\Desktop\FirebaseApp\firebase\functions\13776
[debug] [2020-01-14T11:33:34.048Z] [worker-~diagnostic~-4baf6f38-f59a-4b59-95fa-a2b6f98feaea]: BUSY
[debug] [2020-01-14T11:33:34.506Z] [runtime-status] [13776] Functions runtime initialized. {"cwd":"C:\\Users\\Web Projects\\Desktop\\FirebaseApp\\firebase\\functions","node_version":"13.1.0"}
[debug] [2020-01-14T11:33:34.507Z] [runtime-status] [13776] Disabled runtime features: {"functions_config_helper":true,"network_filtering":true,"timeout":true,"memory_limiting":true,"admin_stubs":true,"pubsub_emulator":true}
[debug] [2020-01-14T11:33:34.510Z] [runtime-status] [13776] Resolved module firebase-admin {"declared":true,"installed":true,"version":"8.8.0","resolution":"C:\\Users\\Web Projects\\Desktop\\FirebaseApp\\firebase\\functions\\node_modules\\firebase-admin\\lib\\index.js"}
[debug] [2020-01-14T11:33:34.512Z] [runtime-status] [13776] Resolved module firebase-functions {"declared":true,"installed":true,"version":"3.3.0","resolution":"C:\\Users\\Web Projects\\Desktop\\FirebaseApp\\firebase\\functions\\node_modules\\firebase-functions\\lib\\index.js"}
[debug] [2020-01-14T11:33:34.513Z] [runtime-status] [13776] Resolved module firebase-functions {"declared":true,"installed":true,"version":"3.3.0","resolution":"C:\\Users\\Web Projects\\Desktop\\FirebaseApp\\firebase\\functions\\node_modules\\firebase-functions\\lib\\index.js"}
[warn] !  C:\Users\Web Projects\Desktop\FirebaseApp\firebase\functions\index.js:1
import {functions} from 'firebase-functions'
^^^^^^

SyntaxError: Cannot use import statement outside a module
    at wrapSafe (internal/modules/cjs/loader.js:983:16)
    at Module._compile (internal/modules/cjs/loader.js:1033:27)
    at Object.Module._extensions..js (internal/modules/cjs/loader.js:1103:10)
    at Module.load (internal/modules/cjs/loader.js:914:32)
    at Function.Module._load (internal/modules/cjs/loader.js:822:14)
    at Module.require (internal/modules/cjs/loader.js:956:19)
    at require (internal/modules/cjs/helpers.js:74:18)
    at C:\Users\Web Projects\AppData\Roaming\npm\node_modules\firebase-tools\lib\emulator\functionsEmulatorRuntime.js:718:33
    at Generator.next (<anonymous>)
    at fulfilled (C:\Users\Web Projects\AppData\Roaming\npm\node_modules\firebase-tools\lib\emulator\functionsEmulatorRuntime.js:4:58)
[warn] !  We were unable to load your functions code. (see above)
[debug] [2020-01-14T11:33:34.580Z] [worker-~diagnostic~-4baf6f38-f59a-4b59-95fa-a2b6f98feaea]: exited
[debug] [2020-01-14T11:33:34.580Z] [worker-~diagnostic~-4baf6f38-f59a-4b59-95fa-a2b6f98feaea]: FINISHED
[debug] [2020-01-14T11:34:22.041Z] File C:\Users\Web Projects\Desktop\FirebaseApp\firebase\functions\server.js changed, reloading triggers
[debug] [2020-01-14T11:34:23.043Z] [worker-pool] Cleaned up workers for ~diagnostic~: 1 --> 0
[debug] [2020-01-14T11:34:23.048Z] [worker-pool] addWorker(~diagnostic~)
[debug] [2020-01-14T11:34:23.048Z] [worker-pool] Adding worker with key ~diagnostic~, total=1
[debug] [2020-01-14T11:34:23.048Z] [worker-pool] submitWork(triggerId=)
[debug] [2020-01-14T11:34:23.048Z] [worker-~diagnostic~-2026a5b0-3003-4191-afe3-8a5a2789eb24]: Assigning socketPath: \\?\pipe\C:\Users\Web Projects\Desktop\FirebaseApp\firebase\functions\14512
[debug] [2020-01-14T11:34:23.048Z] [worker-~diagnostic~-2026a5b0-3003-4191-afe3-8a5a2789eb24]: BUSY
[debug] [2020-01-14T11:34:23.660Z] [runtime-status] [14512] Functions runtime initialized. {"cwd":"C:\\Users\\Web Projects\\Desktop\\FirebaseApp\\firebase\\functions","node_version":"13.1.0"}
[debug] [2020-01-14T11:34:23.663Z] [runtime-status] [14512] Disabled runtime features: {"functions_config_helper":true,"network_filtering":true,"timeout":true,"memory_limiting":true,"admin_stubs":true,"pubsub_emulator":true}
[debug] [2020-01-14T11:34:23.672Z] [runtime-status] [14512] Resolved module firebase-admin {"declared":true,"installed":true,"version":"8.8.0","resolution":"C:\\Users\\Web Projects\\Desktop\\FirebaseApp\\firebase\\functions\\node_modules\\firebase-admin\\lib\\index.js"}
[debug] [2020-01-14T11:34:23.676Z] [runtime-status] [14512] Resolved module firebase-functions {"declared":true,"installed":true,"version":"3.3.0","resolution":"C:\\Users\\Web Projects\\Desktop\\FirebaseApp\\firebase\\functions\\node_modules\\firebase-functions\\lib\\index.js"}
[debug] [2020-01-14T11:34:23.678Z] [runtime-status] [14512] Resolved module firebase-functions {"declared":true,"installed":true,"version":"3.3.0","resolution":"C:\\Users\\Web Projects\\Desktop\\FirebaseApp\\firebase\\functions\\node_modules\\firebase-functions\\lib\\index.js"}
[warn] !  C:\Users\Web Projects\Desktop\FirebaseApp\firebase\functions\index.js:1
import {functions} from 'firebase-functions'
^^^^^^

SyntaxError: Cannot use import statement outside a module
    at wrapSafe (internal/modules/cjs/loader.js:983:16)
    at Module._compile (internal/modules/cjs/loader.js:1033:27)
    at Object.Module._extensions..js (internal/modules/cjs/loader.js:1103:10)
    at Module.load (internal/modules/cjs/loader.js:914:32)
    at Function.Module._load (internal/modules/cjs/loader.js:822:14)
    at Module.require (internal/modules/cjs/loader.js:956:19)
    at require (internal/modules/cjs/helpers.js:74:18)
    at C:\Users\Web Projects\AppData\Roaming\npm\node_modules\firebase-tools\lib\emulator\functionsEmulatorRuntime.js:718:33
    at Generator.next (<anonymous>)
    at fulfilled (C:\Users\Web Projects\AppData\Roaming\npm\node_modules\firebase-tools\lib\emulator\functionsEmulatorRuntime.js:4:58)
[warn] !  We were unable to load your functions code. (see above)
[debug] [2020-01-14T11:34:23.903Z] [worker-~diagnostic~-2026a5b0-3003-4191-afe3-8a5a2789eb24]: exited
[debug] [2020-01-14T11:34:23.903Z] [worker-~diagnostic~-2026a5b0-3003-4191-afe3-8a5a2789eb24]: FINISHED
[debug] [2020-01-14T11:34:32.279Z] ----------------------------------------------------------------------
[debug] [2020-01-14T11:34:32.282Z] Command:       C:\Program Files\nodejs\node.exe C:\Users\Web Projects\AppData\Roaming\npm\node_modules\firebase-tools\lib\bin\firebase.js serve
[debug] [2020-01-14T11:34:32.282Z] CLI Version:   7.11.0
[debug] [2020-01-14T11:34:32.282Z] Platform:      win32
[debug] [2020-01-14T11:34:32.282Z] Node Version:  v13.1.0
[debug] [2020-01-14T11:34:32.283Z] Time:          Tue Jan 14 2020 15:34:32 GMT+0400 (Armenia Standard Time)
[debug] [2020-01-14T11:34:32.283Z] ----------------------------------------------------------------------
[debug] [2020-01-14T11:34:32.283Z] 
[debug] [2020-01-14T11:34:32.293Z] > command requires scopes: ["email","openid","https://www.googleapis.com/auth/cloudplatformprojects.readonly","https://www.googleapis.com/auth/firebase","https://www.googleapis.com/auth/cloud-platform"]
[debug] [2020-01-14T11:34:32.294Z] > authorizing via signed-in user
[debug] [2020-01-14T11:34:32.294Z] [iam] checking project flyclever-cd51a for permissions ["firebase.projects.get"]
[debug] [2020-01-14T11:34:32.296Z] >>> HTTP REQUEST POST https://cloudresourcemanager.googleapis.com/v1/projects/flyclever-cd51a:testIamPermissions  

[debug] [2020-01-14T11:34:33.396Z] <<< HTTP RESPONSE 200
[debug] [2020-01-14T11:34:33.398Z] >>> HTTP REQUEST GET https://firebase.googleapis.com/v1beta1/projects/flyclever-cd51a  
 
[debug] [2020-01-14T11:34:33.718Z] <<< HTTP RESPONSE 200
[info] 
[info] === Serving from 'C:\Users\Web Projects\Desktop\FirebaseApp\firebase'...
[info] 
[debug] [2020-01-14T11:34:33.723Z] >>> HTTP REQUEST GET https://firebase.googleapis.com/v1beta1/projects/flyclever-cd51a/webApps/-/config  
 
[debug] [2020-01-14T11:34:34.376Z] <<< HTTP RESPONSE 200
[info] i  hosting: Serving hosting files from: app/build
[info] +  hosting: Local server: http://localhost:5000
[warn] !  Your requested "node" version "8" doesn't match your global version "13"
[info] +  functions: Emulator started at http://localhost:5001
[info] i  functions: Watching "C:\Users\Web Projects\Desktop\FirebaseApp\firebase\functions" for Cloud Functions...
[debug] [2020-01-14T11:34:36.254Z] [worker-pool] addWorker(~diagnostic~)
[debug] [2020-01-14T11:34:36.254Z] [worker-pool] Adding worker with key ~diagnostic~, total=1
[debug] [2020-01-14T11:34:36.254Z] [worker-pool] submitWork(triggerId=)
[debug] [2020-01-14T11:34:36.254Z] [worker-~diagnostic~-fd6368b4-e7be-4819-bdeb-54b42a9e6db8]: Assigning socketPath: \\?\pipe\C:\Users\Web Projects\Desktop\FirebaseApp\firebase\functions\8060
[debug] [2020-01-14T11:34:36.255Z] [worker-~diagnostic~-fd6368b4-e7be-4819-bdeb-54b42a9e6db8]: BUSY
[debug] [2020-01-14T11:34:36.683Z] [runtime-status] [8060] Functions runtime initialized. {"cwd":"C:\\Users\\Web Projects\\Desktop\\FirebaseApp\\firebase\\functions","node_version":"13.1.0"}
[debug] [2020-01-14T11:34:36.683Z] [runtime-status] [8060] Disabled runtime features: {"functions_config_helper":true,"network_filtering":true,"timeout":true,"memory_limiting":true,"admin_stubs":true,"pubsub_emulator":true}
[debug] [2020-01-14T11:34:36.686Z] [runtime-status] [8060] Resolved module firebase-admin {"declared":true,"installed":true,"version":"8.8.0","resolution":"C:\\Users\\Web Projects\\Desktop\\FirebaseApp\\firebase\\functions\\node_modules\\firebase-admin\\lib\\index.js"}
[debug] [2020-01-14T11:34:36.688Z] [runtime-status] [8060] Resolved module firebase-functions {"declared":true,"installed":true,"version":"3.3.0","resolution":"C:\\Users\\Web Projects\\Desktop\\FirebaseApp\\firebase\\functions\\node_modules\\firebase-functions\\lib\\index.js"}
[debug] [2020-01-14T11:34:36.689Z] [runtime-status] [8060] Resolved module firebase-functions {"declared":true,"installed":true,"version":"3.3.0","resolution":"C:\\Users\\Web Projects\\Desktop\\FirebaseApp\\firebase\\functions\\node_modules\\firebase-functions\\lib\\index.js"}
[warn] !  C:\Users\Web Projects\Desktop\FirebaseApp\firebase\functions\index.js:1
import {functions} from 'firebase-functions'
^^^^^^

SyntaxError: Cannot use import statement outside a module
    at wrapSafe (internal/modules/cjs/loader.js:983:16)
    at Module._compile (internal/modules/cjs/loader.js:1033:27)
    at Object.Module._extensions..js (internal/modules/cjs/loader.js:1103:10)
    at Module.load (internal/modules/cjs/loader.js:914:32)
    at Function.Module._load (internal/modules/cjs/loader.js:822:14)
    at Module.require (internal/modules/cjs/loader.js:956:19)
    at require (internal/modules/cjs/helpers.js:74:18)
    at C:\Users\Web Projects\AppData\Roaming\npm\node_modules\firebase-tools\lib\emulator\functionsEmulatorRuntime.js:718:33
    at Generator.next (<anonymous>)
    at fulfilled (C:\Users\Web Projects\AppData\Roaming\npm\node_modules\firebase-tools\lib\emulator\functionsEmulatorRuntime.js:4:58)
[warn] !  We were unable to load your functions code. (see above)
[debug] [2020-01-14T11:34:36.755Z] [worker-~diagnostic~-fd6368b4-e7be-4819-bdeb-54b42a9e6db8]: exited
[debug] [2020-01-14T11:34:36.755Z] [worker-~diagnostic~-fd6368b4-e7be-4819-bdeb-54b42a9e6db8]: FINISHED
